[0.015s] Invoking command in '/home/cali/ws_sensor_combined/build/px4_msgs': CMAKE_PREFIX_PATH=/opt/ros/humble /usr/bin/cmake --build /home/cali/ws_sensor_combined/build/px4_msgs -- -j8 -l8
[0.944s] [  0%] Built target ament_cmake_python_copy_px4_msgs
[0.971s] [  0%] Built target px4_msgs__cpp
[1.049s] [ 12%] Built target px4_msgs__rosidl_generator_c
[1.061s] [35m[1mConsolidate compiler generated dependencies of target px4_msgs__rosidl_typesupport_cpp[0m
[1.067s] [35m[1mConsolidate compiler generated dependencies of target px4_msgs__rosidl_typesupport_introspection_cpp[0m
[1.090s] [35m[1mConsolidate compiler generated dependencies of target px4_msgs__rosidl_typesupport_fastrtps_cpp[0m
[1.198s] [35m[1mConsolidate compiler generated dependencies of target px4_msgs__rosidl_typesupport_fastrtps_c[0m
[1.287s] [ 25%] Built target px4_msgs__rosidl_typesupport_introspection_cpp
[1.294s] [ 37%] Built target px4_msgs__rosidl_typesupport_cpp
[1.343s] [35m[1mConsolidate compiler generated dependencies of target px4_msgs__rosidl_typesupport_c[0m
[1.361s] [35m[1mConsolidate compiler generated dependencies of target px4_msgs__rosidl_typesupport_introspection_c[0m
[1.375s] running egg_info
[1.405s] writing px4_msgs.egg-info/PKG-INFO
[1.406s] writing dependency_links to px4_msgs.egg-info/dependency_links.txt
[1.408s] writing top-level names to px4_msgs.egg-info/top_level.txt
[1.408s] [ 49%] Built target px4_msgs__rosidl_typesupport_fastrtps_cpp
[1.427s] [ 62%] Built target px4_msgs__rosidl_typesupport_c
[1.461s] [ 75%] Built target px4_msgs__rosidl_typesupport_fastrtps_c
[1.468s] [ 88%] Built target px4_msgs__rosidl_typesupport_introspection_c
[1.485s] reading manifest file 'px4_msgs.egg-info/SOURCES.txt'
[1.494s] [ 88%] Built target px4_msgs
[1.506s] Traceback (most recent call last):
[1.507s]   File "/home/cali/ws_sensor_combined/build/px4_msgs/ament_cmake_python/px4_msgs/setup.py", line 4, in <module>
[1.507s]     setup(
[1.507s]   File "/home/cali/.local/lib/python3.10/site-packages/setuptools/__init__.py", line 117, in setup
[1.507s]     return distutils.core.setup(**attrs)
[1.507s]   File "/home/cali/.local/lib/python3.10/site-packages/setuptools/_distutils/core.py", line 183, in setup
[1.507s]     return run_commands(dist)
[1.507s]   File "/home/cali/.local/lib/python3.10/site-packages/setuptools/_distutils/core.py", line 199, in run_commands
[1.508s]     dist.run_commands()
[1.508s]   File "/home/cali/.local/lib/python3.10/site-packages/setuptools/_distutils/dist.py", line 954, in run_commands
[1.508s]     self.run_command(cmd)
[1.508s]   File "/home/cali/.local/lib/python3.10/site-packages/setuptools/dist.py", line 950, in run_command
[1.508s]     super().run_command(command)
[1.508s]   File "/home/cali/.local/lib/python3.10/site-packages/setuptools/_distutils/dist.py", line 973, in run_command
[1.508s]     cmd_obj.run()
[1.508s]   File "/home/cali/.local/lib/python3.10/site-packages/setuptools/command/egg_info.py", line 311, in run
[1.508s]     self.find_sources()
[1.508s]   File "/home/cali/.local/lib/python3.10/site-packages/setuptools/command/egg_info.py", line 319, in find_sources
[1.508s]     mm.run()
[1.508s]   File "/home/cali/.local/lib/python3.10/site-packages/setuptools/command/egg_info.py", line 545, in run
[1.508s]     self.prune_file_list()
[1.508s]   File "/home/cali/.local/lib/python3.10/site-packages/setuptools/command/sdist.py", line 161, in prune_file_list
[1.509s]     super().prune_file_list()
[1.509s]   File "/home/cali/.local/lib/python3.10/site-packages/setuptools/_distutils/command/sdist.py", line 380, in prune_file_list
[1.509s]     base_dir = self.distribution.get_fullname()
[1.509s]   File "/home/cali/.local/lib/python3.10/site-packages/setuptools/_core_metadata.py", line 267, in get_fullname
[1.509s]     return _distribution_fullname(self.get_name(), self.get_version())
[1.509s]   File "/home/cali/.local/lib/python3.10/site-packages/setuptools/_core_metadata.py", line 285, in _distribution_fullname
[1.509s]     canonicalize_version(version, strip_trailing_zero=False),
[1.509s] TypeError: canonicalize_version() got an unexpected keyword argument 'strip_trailing_zero'
[1.534s] [ 88%] [34m[1mGenerating Python code for ROS interfaces[0m
[1.552s] gmake[2]: *** [CMakeFiles/ament_cmake_python_build_px4_msgs_egg.dir/build.make:70: CMakeFiles/ament_cmake_python_build_px4_msgs_egg] Error 1
[1.552s] gmake[1]: *** [CMakeFiles/Makefile2:447: CMakeFiles/ament_cmake_python_build_px4_msgs_egg.dir/all] Error 2
[1.552s] gmake[1]: *** Waiting for unfinished jobs....
[144.478s] [ 88%] Built target px4_msgs__py
[144.480s] gmake: *** [Makefile:146: all] Error 2
[144.487s] Invoked command in '/home/cali/ws_sensor_combined/build/px4_msgs' returned '2': CMAKE_PREFIX_PATH=/opt/ros/humble /usr/bin/cmake --build /home/cali/ws_sensor_combined/build/px4_msgs -- -j8 -l8
